0 info it worked if it ends with ok
1 verbose cli [ '/usr/local/bin/node',
1 verbose cli   '/usr/local/bin/npm',
1 verbose cli   'install',
1 verbose cli   '-g',
1 verbose cli   'phonegap' ]
2 info using npm@2.14.2
3 info using node@v4.0.0
4 verbose install initial load of /usr/local/lib/package.json
5 verbose readDependencies loading dependencies from /usr/local/lib/package.json
6 silly cache add args [ 'phonegap', null ]
7 verbose cache add spec phonegap
8 silly cache add parsed spec Result {
8 silly cache add   raw: 'phonegap',
8 silly cache add   scope: null,
8 silly cache add   name: 'phonegap',
8 silly cache add   rawSpec: '',
8 silly cache add   spec: '*',
8 silly cache add   type: 'range' }
9 silly addNamed phonegap@*
10 verbose addNamed "*" is a valid semver range for phonegap
11 silly addNameRange { name: 'phonegap', range: '*', hasData: false }
12 silly mapToRegistry name phonegap
13 silly mapToRegistry using default registry
14 silly mapToRegistry registry https://registry.npmjs.org/
15 silly mapToRegistry uri https://registry.npmjs.org/phonegap
16 verbose addNameRange registry:https://registry.npmjs.org/phonegap not in flight; fetching
17 verbose request uri https://registry.npmjs.org/phonegap
18 verbose request no auth needed
19 info attempt registry request try #1 at 08:25:23
20 verbose request id 591bf5dd92cf023a
21 verbose etag "30OASF0BJ5CNCFHEJIB14NHTV"
22 http request GET https://registry.npmjs.org/phonegap
23 http 200 https://registry.npmjs.org/phonegap
24 silly get cb [ 200,
24 silly get   { server: 'CouchDB/1.5.0 (Erlang OTP/R16B03)',
24 silly get     etag: '"73OF1KKTJFCXMW7YUFLHW3MW1"',
24 silly get     'content-type': 'application/json',
24 silly get     'cache-control': 'max-age=300',
24 silly get     'content-length': '258380',
24 silly get     'accept-ranges': 'bytes',
24 silly get     date: 'Tue, 05 Jan 2016 07:25:23 GMT',
24 silly get     via: '1.1 varnish',
24 silly get     age: '35',
24 silly get     connection: 'keep-alive',
24 silly get     'x-served-by': 'cache-fra1232-FRA',
24 silly get     'x-cache': 'HIT',
24 silly get     'x-cache-hits': '1',
24 silly get     'x-timer': 'S1451978723.800317,VS0,VE0',
24 silly get     vary: 'Accept' } ]
25 verbose get saving phonegap to /home/benjaminjornet/.npm/registry.npmjs.org/phonegap/.cache.json
26 silly addNameRange number 2 { name: 'phonegap', range: '*', hasData: true }
27 silly addNameRange versions [ 'phonegap',
27 silly addNameRange   [ '0.2.0',
27 silly addNameRange     '0.2.1',
27 silly addNameRange     '0.2.2',
27 silly addNameRange     '0.3.0',
27 silly addNameRange     '0.4.0',
27 silly addNameRange     '0.4.1',
27 silly addNameRange     '0.5.0',
27 silly addNameRange     '0.6.0',
27 silly addNameRange     '0.6.1',
27 silly addNameRange     '0.7.0',
27 silly addNameRange     '0.7.1',
27 silly addNameRange     '0.7.2',
27 silly addNameRange     '0.7.3',
27 silly addNameRange     '0.7.4',
27 silly addNameRange     '0.7.5',
27 silly addNameRange     '0.7.6',
27 silly addNameRange     '0.7.7',
27 silly addNameRange     '0.7.8',
27 silly addNameRange     '0.8.0',
27 silly addNameRange     '0.8.1',
27 silly addNameRange     '0.9.0',
27 silly addNameRange     '0.9.1',
27 silly addNameRange     '0.9.2',
27 silly addNameRange     '0.9.3',
27 silly addNameRange     '0.9.4',
27 silly addNameRange     '2.8.0-0.10.0',
27 silly addNameRange     '2.8.0-0.10.1',
27 silly addNameRange     '2.8.0-0.10.2',
27 silly addNameRange     '2.8.0-0.10.3',
27 silly addNameRange     '2.8.0-0.10.4',
27 silly addNameRange     '2.8.0-0.10.6',
27 silly addNameRange     '2.8.1-0.11.0',
27 silly addNameRange     '2.9.0-0.12.2',
27 silly addNameRange     '2.9.0-0.12.3',
27 silly addNameRange     '2.9.0-0.12.4',
27 silly addNameRange     '2.9.0-0.12.5',
27 silly addNameRange     '2.9.0-0.12.6',
27 silly addNameRange     '2.9.0-0.12.7',
27 silly addNameRange     '2.9.0-0.12.8',
27 silly addNameRange     '2.9.0-rc1-0.12.0',
27 silly addNameRange     '2.9.0-rc1-0.12.1',
27 silly addNameRange     '2.9.0-rc1-0.12.2',
27 silly addNameRange     '2.9.0-0.12.9',
27 silly addNameRange     '2.9.0-0.12.10',
27 silly addNameRange     '2.9.0-0.12.11',
27 silly addNameRange     '2.9.0-0.13.0',
27 silly addNameRange     '2.9.0-0.13.1',
27 silly addNameRange     '2.9.0-0.13.2',
27 silly addNameRange     '3.0.0-rc1-0.13.2',
27 silly addNameRange     '3.0.0-rc1-0.13.3',
27 silly addNameRange     '3.0.0-0.14.0',
27 silly addNameRange     '3.0.0-0.14.1',
27 silly addNameRange     '3.0.0-0.14.2',
27 silly addNameRange     '3.0.0-0.14.3',
27 silly addNameRange     '3.0.0-0.14.4',
27 silly addNameRange     '3.1.0-0.15.0',
27 silly addNameRange     '3.2.0-0.15.0',
27 silly addNameRange     '3.2.0-0.16.0',
27 silly addNameRange     '3.2.0-0.17.0',
27 silly addNameRange     '3.2.0-0.17.1',
27 silly addNameRange     '3.3.0-0.17.1',
27 silly addNameRange     '3.3.0-0.18.0',
27 silly addNameRange     '3.3.0-0.18.1',
27 silly addNameRange     '3.3.0-0.19.0',
27 silly addNameRange     '3.3.0-0.19.1',
27 silly addNameRange     '3.3.0-0.19.2',
27 silly addNameRange     '3.3.0-0.19.3',
27 silly addNameRange     '3.3.0-0.19.4',
27 silly addNameRange     '3.3.0-0.19.5',
27 silly addNameRange     '3.3.0-0.19.6',
27 silly addNameRange     '3.4.0-0.19.7',
27 silly addNameRange     '3.4.0-0.19.8',
27 silly addNameRange     '3.4.0-0.19.9',
27 silly addNameRange     '3.4.0-0.19.10',
27 silly addNameRange     '3.4.0-0.19.11',
27 silly addNameRange     '3.4.0-0.19.12',
27 silly addNameRange     '3.4.0-0.19.13',
27 silly addNameRange     '3.4.0-0.19.14',
27 silly addNameRange     '3.4.0-0.19.15',
27 silly addNameRange     '3.4.0-0.19.16',
27 silly addNameRange     '3.4.0-0.19.17',
27 silly addNameRange     '3.4.0-0.19.18',
27 silly addNameRange     '3.4.0-0.19.19',
27 silly addNameRange     '3.4.0-0.19.20',
27 silly addNameRange     '3.4.0-0.19.21',
27 silly addNameRange     '3.4.0-0.20.0',
27 silly addNameRange     '3.5.0-0.19.23',
27 silly addNameRange     '3.5.0-0.20.0',
27 silly addNameRange     '3.5.0-0.20.1',
27 silly addNameRange     '3.5.0-0.20.3',
27 silly addNameRange     '3.5.0-0.20.4',
27 silly addNameRange     '3.5.0-0.20.5',
27 silly addNameRange     '3.5.0-0.20.6',
27 silly addNameRange     '3.5.0-0.20.7',
27 silly addNameRange     '3.5.0-0.20.9',
27 silly addNameRange     '3.5.0-0.20.10',
27 silly addNameRange     '3.5.0-0.20.14',
27 silly addNameRange     '3.5.0-0.21.14',
27 silly addNameRange     '3.5.0-0.21.15',
27 silly addNameRange     '3.5.0-0.21.16',
27 silly addNameRange     '3.5.0-0.21.17',
27 silly addNameRange     '3.5.0-0.21.18',
27 silly addNameRange     '3.6.0-0.21.18',
27 silly addNameRange     '3.6.0-0.21.19',
27 silly addNameRange     '3.6.3-0.22.0',
27 silly addNameRange     '3.6.3-0.22.1',
27 silly addNameRange     '3.6.3-0.22.2',
27 silly addNameRange     '3.6.3-0.22.3',
27 silly addNameRange     '3.6.3-0.22.4',
27 silly addNameRange     '3.6.3-0.22.5',
27 silly addNameRange     '3.6.3-0.22.6',
27 silly addNameRange     '3.6.3-0.22.7',
27 silly addNameRange     '4.0.0-0.22.7',
27 silly addNameRange     '4.1.2-0.22.7',
27 silly addNameRange     '4.1.2-0.22.8',
27 silly addNameRange     '4.1.2-0.22.9',
27 silly addNameRange     '4.1.2-0.22.10',
27 silly addNameRange     '4.1.2-0.22.11',
27 silly addNameRange     '4.1.2-0.22.12',
27 silly addNameRange     '4.2.0-0.23.0',
27 silly addNameRange     '4.2.0-0.24.0',
27 silly addNameRange     '4.2.0-0.24.1',
27 silly addNameRange     '4.2.0-0.24.2',
27 silly addNameRange     '4.2.0-0.25.0',
27 silly addNameRange     '4.2.0-0.26.0',
27 silly addNameRange     '5.0.0-0.27.0',
27 silly addNameRange     '5.0.0-0.27.1',
27 silly addNameRange     '5.0.0-0.28.0',
27 silly addNameRange     '5.0.0-0.28.1',
27 silly addNameRange     '5.1.1-0.29.0',
27 silly addNameRange     '5.1.1',
27 silly addNameRange     '5.2.0',
27 silly addNameRange     '5.2.1',
27 silly addNameRange     '5.2.2',
27 silly addNameRange     '5.2.3',
27 silly addNameRange     '5.3.1',
27 silly addNameRange     '5.3.2',
27 silly addNameRange     '5.3.3',
27 silly addNameRange     '5.3.4',
27 silly addNameRange     '5.3.5',
27 silly addNameRange     '5.3.6',
27 silly addNameRange     '5.3.7',
27 silly addNameRange     '5.3.8',
27 silly addNameRange     '5.3.9' ] ]
28 silly addNamed phonegap@5.3.9
29 verbose addNamed "5.3.9" is a plain semver version for phonegap
30 silly mapToRegistry name phonegap
31 silly mapToRegistry using default registry
32 silly mapToRegistry registry https://registry.npmjs.org/
33 silly mapToRegistry uri https://registry.npmjs.org/phonegap
34 verbose addRemoteTarball https://registry.npmjs.org/phonegap/-/phonegap-5.3.9.tgz not in flight; adding
35 verbose addRemoteTarball [ 'https://registry.npmjs.org/phonegap/-/phonegap-5.3.9.tgz',
35 verbose addRemoteTarball   'cd1305ff2f651ea7204bf0d3d70f6557bd160c20' ]
36 info retry fetch attempt 1 at 08:25:25
37 info attempt registry request try #1 at 08:25:25
38 http fetch GET https://registry.npmjs.org/phonegap/-/phonegap-5.3.9.tgz
39 http fetch 200 https://registry.npmjs.org/phonegap/-/phonegap-5.3.9.tgz
40 silly fetchAndShaCheck shasum cd1305ff2f651ea7204bf0d3d70f6557bd160c20
41 verbose addTmpTarball /tmp/npm-11144-d69face8/registry.npmjs.org/phonegap/-/phonegap-5.3.9.tgz not in flight; adding
42 verbose addTmpTarball already have metadata; skipping unpack for phonegap@5.3.9
43 silly cache afterAdd phonegap@5.3.9
44 verbose afterAdd /home/benjaminjornet/.npm/phonegap/5.3.9/package/package.json not in flight; writing
45 verbose afterAdd /home/benjaminjornet/.npm/phonegap/5.3.9/package/package.json written
46 silly install resolved [ { name: 'phonegap',
46 silly install resolved     description: 'PhoneGap command-line interface and node.js library.',
46 silly install resolved     version: '5.3.9',
46 silly install resolved     homepage: 'http://github.com/phonegap/phonegap-cli',
46 silly install resolved     repository:
46 silly install resolved      { type: 'git',
46 silly install resolved        url: 'git://github.com/phonegap/phonegap-cli.git' },
46 silly install resolved     keywords:
46 silly install resolved      [ 'cli',
46 silly install resolved        'cordova',
46 silly install resolved        'phonegap',
46 silly install resolved        'phonegap build',
46 silly install resolved        'phonegap/build' ],
46 silly install resolved     preferGlobal: 'true',
46 silly install resolved     main: './lib/main.js',
46 silly install resolved     bin: { phonegap: './bin/phonegap.js' },
46 silly install resolved     scripts: { test: 'node node_modules/jasmine-node/bin/jasmine-node --color spec' },
46 silly install resolved     engineStrict: 'true',
46 silly install resolved     engines: { node: '>=0.10.0' },
46 silly install resolved     dependencies:
46 silly install resolved      { colors: '0.6.0-1',
46 silly install resolved        'connect-phonegap': '0.18.1',
46 silly install resolved        cordova: '5.4.1',
46 silly install resolved        minimist: '0.1.0',
46 silly install resolved        'phonegap-build': '0.9.2',
46 silly install resolved        pluralize: '0.0.4',
46 silly install resolved        prompt: '0.2.11',
46 silly install resolved        'qrcode-terminal': '0.9.4',
46 silly install resolved        semver: '1.1.0',
46 silly install resolved        shelljs: '0.1.4' },
46 silly install resolved     devDependencies: { 'jasmine-node': '1.14.5', chdir: '0.0.x' },
46 silly install resolved     optionalDependencies: {},
46 silly install resolved     contributors: [ [Object], [Object], [Object], [Object], [Object], [Object] ],
46 silly install resolved     templates:
46 silly install resolved      { blank: [Object],
46 silly install resolved        'hello-world': [Object],
46 silly install resolved        'hello-cordova': [Object],
46 silly install resolved        'jquery-mobile-starter': [Object] },
46 silly install resolved     gitHead: '29d92cbcd02748feff2c86396ca2f6607e5320b5',
46 silly install resolved     bugs: { url: 'https://github.com/phonegap/phonegap-cli/issues' },
46 silly install resolved     _id: 'phonegap@5.3.9',
46 silly install resolved     _shasum: 'cd1305ff2f651ea7204bf0d3d70f6557bd160c20',
46 silly install resolved     _from: 'phonegap@*',
46 silly install resolved     _npmVersion: '3.3.6',
46 silly install resolved     _nodeVersion: '5.0.0',
46 silly install resolved     _npmUser: { name: 'mwbrooks', email: 'michael@michaelbrooks.ca' },
46 silly install resolved     dist:
46 silly install resolved      { shasum: 'cd1305ff2f651ea7204bf0d3d70f6557bd160c20',
46 silly install resolved        tarball: 'http://registry.npmjs.org/phonegap/-/phonegap-5.3.9.tgz' },
46 silly install resolved     maintainers: [ [Object], [Object], [Object], [Object] ],
46 silly install resolved     directories: {},
46 silly install resolved     _resolved: 'https://registry.npmjs.org/phonegap/-/phonegap-5.3.9.tgz' } ]
47 info install phonegap@5.3.9 into /usr/local/lib
48 info installOne phonegap@5.3.9
49 verbose installOne of phonegap to /usr/local/lib not in flight; installing
50 verbose lock using /home/benjaminjornet/.npm/_locks/phonegap-e2bb9ce47409f16e.lock for /usr/local/lib/node_modules/phonegap
51 silly install write writing phonegap 5.3.9 to /usr/local/lib/node_modules/phonegap
52 verbose unbuild lib/node_modules/phonegap
53 info preuninstall phonegap@5.3.6
54 info uninstall phonegap@5.3.6
55 verbose unbuild rmStuff phonegap@5.3.6 from /usr/local/lib/node_modules
56 silly gentlyRm /usr/local/bin/phonegap is being gently removed
57 silly gentlyRm verifying /usr/local is an npm working directory
58 silly gentlyRm containing path /usr/local is under npm's control, in /usr/local
59 silly gentlyRm deletion target /usr/local/bin/phonegap is under /usr/local
60 verbose gentlyRm vacuuming from /usr/local/bin/phonegap up to /usr/local
61 silly vacuum-fs removing /usr/local/bin/phonegap
62 verbose unlock done using /home/benjaminjornet/.npm/_locks/phonegap-e2bb9ce47409f16e.lock for /usr/local/lib/node_modules/phonegap
63 verbose stack Error: EACCES: permission denied, unlink '/usr/local/bin/phonegap'
63 verbose stack     at Error (native)
64 verbose cwd /home/benjaminjornet/Projet-Majeure/AmbianceShowRoom
65 error Linux 3.13.0-71-generic
66 error argv "/usr/local/bin/node" "/usr/local/bin/npm" "install" "-g" "phonegap"
67 error node v4.0.0
68 error npm  v2.14.2
69 error path /usr/local/bin/phonegap
70 error code EACCES
71 error errno -13
72 error syscall unlink
73 error Error: EACCES: permission denied, unlink '/usr/local/bin/phonegap'
73 error     at Error (native)
73 error  { [Error: EACCES: permission denied, unlink '/usr/local/bin/phonegap']
73 error   errno: -13,
73 error   code: 'EACCES',
73 error   syscall: 'unlink',
73 error   path: '/usr/local/bin/phonegap' }
74 error Please try running this command again as root/Administrator.
75 verbose exit [ -13, true ]
76 verbose unbuild lib/node_modules/phonegap
77 info preuninstall phonegap@5.3.6
78 info uninstall phonegap@5.3.6
79 verbose unbuild rmStuff phonegap@5.3.6 from /usr/local/lib/node_modules
80 silly gentlyRm /usr/local/bin/phonegap is being gently removed
81 silly gentlyRm verifying /usr/local is an npm working directory
82 silly gentlyRm containing path /usr/local is under npm's control, in /usr/local
83 silly gentlyRm deletion target /usr/local/bin/phonegap is under /usr/local
84 verbose gentlyRm vacuuming from /usr/local/bin/phonegap up to /usr/local
85 silly vacuum-fs removing /usr/local/bin/phonegap
86 error error rolling back Error: EACCES: permission denied, unlink '/usr/local/bin/phonegap'
86 error error rolling back     at Error (native)
86 error error rolling back  { [Error: EACCES: permission denied, unlink '/usr/local/bin/phonegap']
86 error error rolling back   errno: -13,
86 error error rolling back   code: 'EACCES',
86 error error rolling back   syscall: 'unlink',
86 error error rolling back   path: '/usr/local/bin/phonegap' }
